<?xml version="1.0" encoding="UTF-8"?>
<!-- Generated by org.testng.reporters.JUnitXMLReporter -->
<testsuite hostname="Vijay-Laptop" ignored="0" name="Browser" tests="1" failures="1" timestamp="03 Apr 2022 10:45:02 GMT" time="0.028" errors="0">
  <testcase name="browserLaunch" time="0.0" classname="com.testngsample.Testngsecond">
    <failure type="org.testng.TestNGException" message="
Parameter &amp;apos;browser&amp;apos; is required by @Test on method browserLaunch but has not been marked @Optional or defined
in C:\Users\vijay\eclipse-workspace\Junitsample\testngparameters.xml">
      <![CDATA[org.testng.TestNGException: 
Parameter 'browser' is required by @Test on method browserLaunch but has not been marked @Optional or defined
in C:\Users\vijay\eclipse-workspace\Junitsample\testngparameters.xml
... Removed 24 stack frames]]>
    </failure>
  </testcase> <!-- browserLaunch -->
</testsuite> <!-- Browser -->
